<?xml version="1.0" encoding="UTF-8"?>
<!-- Generated by org.testng.reporters.JUnitXMLReporter -->
<testsuite hostname="MLBTA-101754" ignored="1" name="Test" tests="1" failures="1" timestamp="2019-12-06T17:42:33 IST" time="0.17" errors="0">
  <testcase name="makeAppointment" time="0.076" classname="com.cura.testcases.TC_001_MakeAppointment">
    <failure type="java.lang.NullPointerException">
      <![CDATA[java.lang.NullPointerException
at org.openqa.selenium.support.pagefactory.DefaultElementLocator.findElement(DefaultElementLocator.java:69)
at org.openqa.selenium.support.pagefactory.internal.LocatingElementHandler.invoke(LocatingElementHandler.java:38)
at com.sun.proxy.$Proxy11.getTagName(Unknown Source)
at org.openqa.selenium.support.ui.Select.<init>(Select.java:45)
at com.cura.pageobjects.AppointmentPage.enterAppointmentDetails(AppointmentPage.java:44)
at com.cura.testcases.TC_001_MakeAppointment.makeAppointment(TC_001_MakeAppointment.java:14)
at java.util.ArrayList.forEach(ArrayList.java:1249)
... Removed 27 stack frames]]>
    </failure>
  </testcase> <!-- makeAppointment -->
  <testcase name="makeAppointment" time="0.0" classname="com.cura.testcases.TC_002_MakeAppointment_DDT">
    <ignored/>
  </testcase> <!-- makeAppointment -->
</testsuite> <!-- Test -->
