<?xml version="1.0" encoding="UTF-8"?>
<testng-results skipped="0" failed="1" ignored="5" total="6" passed="0">
  <reporter-output>
  </reporter-output>
  <suite name="FuntcionalTestCases" duration-ms="13238" started-at="2019-12-10T17:52:06 IST" finished-at="2019-12-10T17:52:19 IST">
    <groups>
    </groups>
    <test name="Test" duration-ms="13238" started-at="2019-12-10T17:52:06 IST" finished-at="2019-12-10T17:52:19 IST">
      <class name="com.cura.testcases.TC_001_MakeAppointment">
        <test-method status="FAIL" signature="makeAppointment()[pri:0, instance:com.cura.testcases.TC_001_MakeAppointment@704a52ec]" name="makeAppointment" duration-ms="23" started-at="2019-12-10T17:52:17 IST" finished-at="2019-12-10T17:52:17 IST">
          <exception class="java.lang.NullPointerException">
            <full-stacktrace>
              <![CDATA[java.lang.NullPointerException
at org.openqa.selenium.support.pagefactory.DefaultElementLocator.findElement(DefaultElementLocator.java:69)
at org.openqa.selenium.support.pagefactory.internal.LocatingElementHandler.invoke(LocatingElementHandler.java:38)
at com.sun.proxy.$Proxy11.getTagName(Unknown Source)
at org.openqa.selenium.support.ui.Select.<init>(Select.java:45)
at com.cura.pageobjects.AppointmentPage.enterAppointmentDetails(AppointmentPage.java:42)
at com.cura.testcases.TC_001_MakeAppointment.makeAppointment(TC_001_MakeAppointment.java:14)
at sun.reflect.NativeMethodAccessorImpl.invoke0(Native Method)
at sun.reflect.NativeMethodAccessorImpl.invoke(NativeMethodAccessorImpl.java:62)
at sun.reflect.DelegatingMethodAccessorImpl.invoke(DelegatingMethodAccessorImpl.java:43)
at java.lang.reflect.Method.invoke(Method.java:498)
at org.testng.internal.MethodInvocationHelper.invokeMethod(MethodInvocationHelper.java:133)
at org.testng.internal.TestInvoker.invokeMethod(TestInvoker.java:584)
at org.testng.internal.TestInvoker.invokeTestMethod(TestInvoker.java:172)
at org.testng.internal.MethodRunner.runInSequence(MethodRunner.java:46)
at org.testng.internal.TestInvoker$MethodInvocationAgent.invoke(TestInvoker.java:804)
at org.testng.internal.TestInvoker.invokeTestMethods(TestInvoker.java:145)
at org.testng.internal.TestMethodWorker.invokeTestMethods(TestMethodWorker.java:146)
at org.testng.internal.TestMethodWorker.run(TestMethodWorker.java:128)
at java.util.ArrayList.forEach(ArrayList.java:1249)
at org.testng.TestRunner.privateRun(TestRunner.java:770)
at org.testng.TestRunner.run(TestRunner.java:591)
at org.testng.SuiteRunner.runTest(SuiteRunner.java:402)
at org.testng.SuiteRunner.runSequentially(SuiteRunner.java:396)
at org.testng.SuiteRunner.privateRun(SuiteRunner.java:355)
at org.testng.SuiteRunner.run(SuiteRunner.java:304)
at org.testng.SuiteRunnerWorker.runSuite(SuiteRunnerWorker.java:53)
at org.testng.SuiteRunnerWorker.run(SuiteRunnerWorker.java:96)
at org.testng.TestNG.runSuitesSequentially(TestNG.java:1180)
at org.testng.TestNG.runSuitesLocally(TestNG.java:1102)
at org.testng.TestNG.runSuites(TestNG.java:1032)
at org.testng.TestNG.run(TestNG.java:1000)
at org.testng.remote.AbstractRemoteTestNG.run(AbstractRemoteTestNG.java:115)
at org.testng.remote.RemoteTestNG.initAndRun(RemoteTestNG.java:251)
at org.testng.remote.RemoteTestNG.main(RemoteTestNG.java:77)
]]>
            </full-stacktrace>
          </exception> <!-- java.lang.NullPointerException -->
          <reporter-output>
          </reporter-output>
        </test-method> <!-- makeAppointment -->
      </class> <!-- com.cura.testcases.TC_001_MakeAppointment -->
      <class name="com.cura.testcases.TC_002_MakeAppointment_DDT">
        <test-method status="PASS" signature="setUp(java.lang.String)[pri:0, instance:com.cura.testcases.TC_002_MakeAppointment_DDT@76f2b07d]" name="setUp" is-config="true" duration-ms="10874" started-at="2019-12-10T17:52:06 IST" finished-at="2019-12-10T17:52:17 IST">
          <params>
            <param index="0">
              <value>
                <![CDATA[chrome]]>
              </value>
            </param>
          </params>
          <reporter-output>
          </reporter-output>
        </test-method> <!-- setUp -->
        <test-method status="PASS" signature="tearDown()[pri:0, instance:com.cura.testcases.TC_002_MakeAppointment_DDT@76f2b07d]" name="tearDown" is-config="true" duration-ms="2246" started-at="2019-12-10T17:52:17 IST" finished-at="2019-12-10T17:52:19 IST">
          <reporter-output>
          </reporter-output>
        </test-method> <!-- tearDown -->
      </class> <!-- com.cura.testcases.TC_002_MakeAppointment_DDT -->
    </test> <!-- Test -->
  </suite> <!-- FuntcionalTestCases -->
</testng-results>
